<?xml version="1.0" encoding="UTF-8"?>
<testsuite xmlns:xsi="http://www.w3.org/2001/XMLSchema-instance" xsi:noNamespaceSchemaLocation="https://maven.apache.org/surefire/maven-surefire-plugin/xsd/surefire-test-report-3.0.xsd" version="3.0" name="com.selfhealing.gateway.service.FailureIngestionServiceTest" time="1.453" tests="7" errors="0" skipped="0" failures="0">
  <properties>
[...]
</properties>
  <testcase name="deduplicatedIngestDoesNotPersistOrPublish" classname="com.selfhealing.gateway.service.FailureIngestionServiceTest" time="1.355">
    <system-err><![CDATA[WARNING: A Java agent has been loaded dynamically (C:\Users\Madhu\.m2\repository\net\bytebuddy\byte-buddy-agent\1.14.10\byte-buddy-agent-1.14.10.jar)
WARNING: If a serviceability tool is in use, please run with -XX:+EnableDynamicAgentLoading to hide this warning
WARNING: If a serviceability tool is not in use, please run with -Djdk.instrument.traceUsage for more information
WARNING: Dynamic loading of agents will be disallowed by default in a future release
]]></system-err>
  </testcase>
  <testcase name="ingestRoutingMatchesRecordRoutingEnrichment" classname="com.selfhealing.gateway.service.FailureIngestionServiceTest" time="0.041">
    <system-out><![CDATA[20:55:16.021 [main] INFO com.selfhealing.gateway.service.FailureIngestionService -- DNS probe found candidate for 'payment-service': http://localhost:8091
20:55:16.039 [main] INFO com.selfhealing.gateway.service.FailureIngestionService -- Published [ROUTING] failure event 3b827c9b-7794-4121-bcde-87f6a3a13ef0
]]></system-out>
  </testcase>
  <testcase name="recordRoutingFailureEnrichesFromLiveRegistryAndDnsProbe" classname="com.selfhealing.gateway.service.FailureIngestionServiceTest" time="0.004">
    <system-out><![CDATA[20:55:16.052 [main] WARN com.selfhealing.gateway.service.FailureIngestionService -- ROUTING FAILURE: order-service → payment-service at http://payment-service/api/payments/process — Connection refused
20:55:16.053 [main] INFO com.selfhealing.gateway.service.FailureIngestionService -- DNS probe found candidate for 'payment-service': http://localhost:8091
20:55:16.053 [main] INFO com.selfhealing.gateway.service.FailureIngestionService -- Published [ROUTING] failure event 6774cf2e-a516-4e3e-8149-014fd07f4ace
]]></system-out>
  </testcase>
  <testcase name="ingestCorsMatchesRecordCorsEventShape" classname="com.selfhealing.gateway.service.FailureIngestionServiceTest" time="0.008">
    <system-out><![CDATA[20:55:16.057 [main] WARN com.selfhealing.gateway.service.FailureIngestionService -- CORS FAILURE: origin 'http://order-service-v2:9090' blocked → payment-service — CORS policy blocked origin 'http://order-service-v2:9090'
20:55:16.057 [main] INFO com.selfhealing.gateway.service.FailureIngestionService -- Published [CORS] failure event 11019565-8ad5-476e-9a3f-cb3e7d329cf2
20:55:16.059 [main] INFO com.selfhealing.gateway.service.FailureIngestionService -- Published [CORS] failure event cdbb23d4-f064-436f-8338-7f8b14ffee85
]]></system-out>
  </testcase>
  <testcase name="ingestCorsUpstreamIncludesCorsBlockedAt" classname="com.selfhealing.gateway.service.FailureIngestionServiceTest" time="0.005">
    <system-out><![CDATA[20:55:16.068 [main] INFO com.selfhealing.gateway.service.FailureIngestionService -- Published [CORS_UPSTREAM] failure event 80b3daf6-7f5e-434c-b7c4-ed9ed0590fcd
]]></system-out>
  </testcase>
  <testcase name="firstFailureIngestEscalatesSecondIsDeduplicated" classname="com.selfhealing.gateway.service.FailureIngestionServiceTest" time="0.006">
    <system-out><![CDATA[20:55:16.073 [main] INFO com.selfhealing.gateway.service.FailureIngestionService -- Published [SCHEMA_MISMATCH] failure event 7629df87-e70f-42e1-9710-8fbf31e75f9c
]]></system-out>
  </testcase>
  <testcase name="ingestSchemaMismatchIncludesRegisteredBaseAndResponsePayload" classname="com.selfhealing.gateway.service.FailureIngestionServiceTest" time="0.009">
    <system-out><![CDATA[20:55:16.080 [main] INFO com.selfhealing.gateway.service.FailureIngestionService -- Published [SCHEMA_MISMATCH] failure event de9cb8b1-7d48-4e4d-b366-cb09a5be8908
]]></system-out>
  </testcase>
</testsuite>